{"/home/boko/WeatherApp/src/callApi/weather.js": {"path":"/home/boko/WeatherApp/src/callApi/weather.js","statementMap":{"0":{"start":{"line":8,"column":8},"end":{"line":14,"column":11}}},"fnMap":{"0":{"name":"(anonymous_0)","decl":{"start":{"line":7,"column":4},"end":{"line":7,"column":5}},"loc":{"start":{"line":7,"column":31},"end":{"line":15,"column":5}},"line":7}},"branchMap":{},"s":{"0":2},"f":{"0":2},"b":{},"_coverageSchema":"1a1c01bbd47fc00a2c39e90264f33305004495a9","hash":"4dc0a3b2667fa297bec7fd0d7232f0a3fbc8dd79"}
,"/home/boko/WeatherApp/src/store/weather.js": {"path":"/home/boko/WeatherApp/src/store/weather.js","statementMap":{"0":{"start":{"line":4,"column":31},"end":{"line":18,"column":2}},"1":{"start":{"line":5,"column":18},"end":{"line":7,"column":5}},"2":{"start":{"line":13,"column":29},"end":{"line":13,"column":70}},"3":{"start":{"line":14,"column":12},"end":{"line":14,"column":45}},"4":{"start":{"line":15,"column":12},"end":{"line":15,"column":33}}},"fnMap":{"0":{"name":"(anonymous_0)","decl":{"start":{"line":5,"column":11},"end":{"line":5,"column":12}},"loc":{"start":{"line":5,"column":18},"end":{"line":7,"column":5}},"line":5},"1":{"name":"(anonymous_1)","decl":{"start":{"line":12,"column":8},"end":{"line":12,"column":9}},"loc":{"start":{"line":12,"column":41},"end":{"line":16,"column":9}},"line":12}},"branchMap":{},"s":{"0":1,"1":2,"2":2,"3":0,"4":0},"f":{"0":2,"1":2},"b":{},"_coverageSchema":"1a1c01bbd47fc00a2c39e90264f33305004495a9","hash":"4e4f30a9407c5afdc555c708026e57e36d3dd8f7"}
}
